#
# A fatal error has been detected by the Java Runtime Environment:
#
#  EXCEPTION_ACCESS_VIOLATION (0xc0000005) at pc=0x00007ffefd602c91, pid=6764, tid=13904
#
# JRE version: OpenJDK Runtime Environment Temurin-17.0.7+7 (17.0.7+7) (build 17.0.7+7)
# Java VM: OpenJDK 64-Bit Server VM Temurin-17.0.7+7 (17.0.7+7, mixed mode, sharing, tiered, compressed oops, compressed class ptrs, g1 gc, windows-amd64)
# Problematic frame:
# C  [ntdll.dll+0x32c91]
#
# No core dump will be written. Minidumps are not enabled by default on client versions of Windows
#
# If you would like to submit a bug report, please visit:
#   https://github.com/adoptium/adoptium-support/issues
# The crash happened outside the Java Virtual Machine in native code.
# See problematic frame for where to report the bug.
#

---------------  S U M M A R Y ------------

Command Line: -ea -XX:+ShowCodeDetailsInExceptionMessages -Dfile.encoding=UTF-8 org.eclipse.jdt.internal.junit.runner.RemoteTestRunner -version 3 -port 51216 -testLoaderClass org.eclipse.jdt.internal.junit4.runner.JUnit4TestLoader -loaderpluginname org.eclipse.jdt.junit4.runtime -testNameFile C:\Users\PC\AppData\Local\Temp\testNames719363751154940415.txt

Host: Intel(R) Xeon(R) CPU E3-1271 v3 @ 3.60GHz, 8 cores, 23G,  Windows 10 , 64 bit Build 19041 (10.0.19041.4957)
Time: Wed Nov  6 14:22:15 2024 SE Asia Standard Time elapsed time: 0.751431 seconds (0d 0h 0m 0s)

---------------  T H R E A D  ---------------

Current thread (0x000001f26b142830):  JavaThread "AWT-EventQueue-0" [_thread_in_native, id=13904, stack(0x00000094a9200000,0x00000094a9300000)]

Stack: [0x00000094a9200000,0x00000094a9300000],  sp=0x00000094a92fcf60,  free space=1011k
Native frames: (J=compiled Java code, j=interpreted, Vv=VM code, C=native code)
C  [ntdll.dll+0x32c91]
C  [ntdll.dll+0x5246c]
C  [ntdll.dll+0xa13ce]
C  [ntdll.dll+0x649e6]
C  [ntdll.dll+0x2fcb4]
C  [ntdll.dll+0x2fae2]
C  0x00007ffe87b0f7dc

Java frames: (J=compiled Java code, j=interpreted, Vv=VM code)
j  sun.java2d.d3d.D3DSurfaceData.initOps(III)V+0 java.desktop@17.0.7
j  sun.java2d.d3d.D3DSurfaceData.<init>(Lsun/awt/windows/WComponentPeer;Lsun/java2d/d3d/D3DGraphicsConfig;IILjava/awt/Image;Ljava/awt/image/ColorModel;IILsun/java2d/pipe/hw/ExtendedBufferCapabilities$VSyncType;I)V+212 java.desktop@17.0.7
j  sun.java2d.d3d.D3DSurfaceData.createData(Lsun/java2d/d3d/D3DGraphicsConfig;IILjava/awt/image/ColorModel;Ljava/awt/Image;I)Lsun/java2d/d3d/D3DSurfaceData;+70 java.desktop@17.0.7
j  sun.java2d.d3d.D3DVolatileSurfaceManager.initAcceleratedSurface()Lsun/java2d/SurfaceData;+142 java.desktop@17.0.7
j  sun.java2d.d3d.D3DVolatileSurfaceManager.restoreAcceleratedSurface()V+49 java.desktop@17.0.7
j  sun.awt.image.VolatileSurfaceManager.validate(Ljava/awt/GraphicsConfiguration;)I+94 java.desktop@17.0.7
j  sun.awt.image.SunVolatileImage.validate(Ljava/awt/GraphicsConfiguration;)I+5 java.desktop@17.0.7
j  javax.swing.RepaintManager$PaintManager.paint(Ljavax/swing/JComponent;Ljavax/swing/JComponent;Ljava/awt/Graphics;IIII)Z+78 java.desktop@17.0.7
j  javax.swing.RepaintManager.paint(Ljavax/swing/JComponent;Ljavax/swing/JComponent;Ljava/awt/Graphics;IIII)V+52 java.desktop@17.0.7
j  javax.swing.JComponent.paint(Ljava/awt/Graphics;)V+221 java.desktop@17.0.7
j  java.awt.GraphicsCallback$PaintCallback.run(Ljava/awt/Component;Ljava/awt/Graphics;)V+2 java.desktop@17.0.7
j  sun.awt.SunGraphicsCallback.runOneComponent(Ljava/awt/Component;Ljava/awt/Rectangle;Ljava/awt/Graphics;Ljava/awt/Shape;I)V+130 java.desktop@17.0.7
j  sun.awt.SunGraphicsCallback.runComponents([Ljava/awt/Component;Ljava/awt/Graphics;I)V+157 java.desktop@17.0.7
j  java.awt.Container.paint(Ljava/awt/Graphics;)V+58 java.desktop@17.0.7
j  java.awt.Window.paint(Ljava/awt/Graphics;)V+68 java.desktop@17.0.7
j  javax.swing.RepaintManager$4.run()Ljava/lang/Void;+142 java.desktop@17.0.7
j  javax.swing.RepaintManager$4.run()Ljava/lang/Object;+1 java.desktop@17.0.7
J 703 c1 java.security.AccessController.executePrivileged(Ljava/security/PrivilegedAction;Ljava/security/AccessControlContext;Ljava/lang/Class;)Ljava/lang/Object; java.base@17.0.7 (65 bytes) @ 0x000001f246e4a93c [0x000001f246e4a7e0+0x000000000000015c]
j  java.security.AccessController.doPrivileged(Ljava/security/PrivilegedAction;Ljava/security/AccessControlContext;)Ljava/lang/Object;+13 java.base@17.0.7
j  java.security.ProtectionDomain$JavaSecurityAccessImpl.doIntersectionPrivilege(Ljava/security/PrivilegedAction;Ljava/security/AccessControlContext;Ljava/security/AccessControlContext;)Ljava/lang/Object;+18 java.base@17.0.7
j  javax.swing.RepaintManager.paintDirtyRegions(Ljava/util/Map;)V+154 java.desktop@17.0.7
j  javax.swing.RepaintManager.paintDirtyRegions()V+46 java.desktop@17.0.7
j  javax.swing.RepaintManager.prePaintDirtyRegions()V+73 java.desktop@17.0.7
j  javax.swing.RepaintManager$ProcessingRunnable.run()V+37 java.desktop@17.0.7
j  java.awt.event.InvocationEvent.dispatch()V+47 java.desktop@17.0.7
j  java.awt.EventQueue.dispatchEventImpl(Ljava/awt/AWTEvent;Ljava/lang/Object;)V+21 java.desktop@17.0.7
j  java.awt.EventQueue$4.run()Ljava/lang/Void;+32 java.desktop@17.0.7
j  java.awt.EventQueue$4.run()Ljava/lang/Object;+1 java.desktop@17.0.7
J 703 c1 java.security.AccessController.executePrivileged(Ljava/security/PrivilegedAction;Ljava/security/AccessControlContext;Ljava/lang/Class;)Ljava/lang/Object; java.base@17.0.7 (65 bytes) @ 0x000001f246e4a93c [0x000001f246e4a7e0+0x000000000000015c]
j  java.security.AccessController.doPrivileged(Ljava/security/PrivilegedAction;Ljava/security/AccessControlContext;)Ljava/lang/Object;+13 java.base@17.0.7
j  java.security.ProtectionDomain$JavaSecurityAccessImpl.doIntersectionPrivilege(Ljava/security/PrivilegedAction;Ljava/security/AccessControlContext;Ljava/security/AccessControlContext;)Ljava/lang/Object;+18 java.base@17.0.7
j  java.awt.EventQueue.dispatchEvent(Ljava/awt/AWTEvent;)V+46 java.desktop@17.0.7
j  java.awt.EventDispatchThread.pumpOneEventForFilters(I)V+78 java.desktop@17.0.7
j  java.awt.EventDispatchThread.pumpEventsForFilter(ILjava/awt/Conditional;Ljava/awt/EventFilter;)V+35 java.desktop@17.0.7
j  java.awt.EventDispatchThread.pumpEventsForHierarchy(ILjava/awt/Conditional;Ljava/awt/Component;)V+11 java.desktop@17.0.7
j  java.awt.EventDispatchThread.pumpEvents(ILjava/awt/Conditional;)V+4 java.desktop@17.0.7
j  java.awt.EventDispatchThread.pumpEvents(Ljava/awt/Conditional;)V+3 java.desktop@17.0.7
j  java.awt.EventDispatchThread.run()V+9 java.desktop@17.0.7
v  ~StubRoutines::call_stub

siginfo: EXCEPTION_ACCESS_VIOLATION (0xc0000005), reading address 0x00007ffe87cc2078


Register to memory mapping:

RIP=0x00007ffefd602c91 ntdll.dll
RAX=0x000000000000040a is an unknown value
RBX=0x000000000000f7dc is an unknown value
RCX=0x000000000000040a is an unknown value
RDX=0x0000000000000c1e is an unknown value
RSP=0x00000094a92fcf60 is pointing into the stack for thread: 0x000001f26b142830
RBP=0x00000094a92fd4f0 is pointing into the stack for thread: 0x000001f26b142830
RSI=0x0 is NULL
RDI=0x00007ffe87cbf000 is an unknown value
R8 =0x0000000000000815 is an unknown value
R9 =0x0 is NULL
R10=0x00007ffe87cc2078 is an unknown value
R11=0x00000000000a1ed0 is an unknown value
R12=0x0 is NULL
R13=0x00007ffefd7438f0 ntdll.dll
R14=0x00000094a92fd590 is pointing into the stack for thread: 0x000001f26b142830
R15=0x00000094a92fd508 is pointing into the stack for thread: 0x000001f26b142830


Registers:
RAX=0x000000000000040a, RBX=0x000000000000f7dc, RCX=0x000000000000040a, RDX=0x0000000000000c1e
RSP=0x00000094a92fcf60, RBP=0x00000094a92fd4f0, RSI=0x0000000000000000, RDI=0x00007ffe87cbf000
R8 =0x0000000000000815, R9 =0x0000000000000000, R10=0x00007ffe87cc2078, R11=0x00000000000a1ed0
R12=0x0000000000000000, R13=0x00007ffefd7438f0, R14=0x00000094a92fd590, R15=0x00000094a92fd508
RIP=0x00007ffefd602c91, EFLAGS=0x0000000000010207

Top of Stack: (sp=0x00000094a92fcf60)
0x00000094a92fcf60:   0000000000000000 0000009400000000
0x00000094a92fcf70:   00000094a92fcf80 00000094a92fcf88
0x00000094a92fcf80:   00007ffe87cbf000 00007ffe87b00000
0x00000094a92fcf90:   0000c234001d1000 0000000000000000
0x00000094a92fcfa0:   00007ffe87b0f7dc 00007ffefd62246c
0x00000094a92fcfb0:   00000094a92fdbb0 0000000000000000
0x00000094a92fcfc0:   0000000000000000 00000094a92fcff0
0x00000094a92fcfd0:   00000094a92fcff0 00000094a92fd510
0x00000094a92fcfe0:   00000094a92fd500 0000000000000000
0x00000094a92fcff0:   0000000000000000 0000000000000000
0x00000094a92fd000:   000000000000027f 0000000000000000
0x00000094a92fd010:   0000000000000000 0000ffff67292568
0x00000094a92fd020:   00001fa20010000f 0000000000000033
0x00000094a92fd030:   00010213002b2418 0000000000000000
0x00000094a92fd040:   0000000000000000 0000000000000000
0x00000094a92fd050:   0000000000000000 0000000000000000 

Instructions: (pc=0x00007ffefd602c91)
0x00007ffefd602b91:   4c 8b 54 24 28 eb 13 b8 7b 00 00 c0 89 44 24 20
0x00007ffefd602ba1:   4c 8b 4c 24 68 4c 8b 54 24 28 85 c0 78 03 4d 89
0x00007ffefd602bb1:   11 48 83 c4 40 5b c3 cc b1 01 48 83 fb 40 0f 83
0x00007ffefd602bc1:   5b ff ff ff b8 7b 00 00 c0 eb e6 cc cc cc cc cc
0x00007ffefd602bd1:   cc cc cc cc cc cc cc cc cc cc cc cc cc cc cc 48
0x00007ffefd602be1:   89 5c 24 18 4c 89 74 24 20 41 57 48 83 ec 40 4d
0x00007ffefd602bf1:   8b f0 4c 8b fa 48 8b d9 4d 85 c0 0f 85 3c 01 00
0x00007ffefd602c01:   00 48 8b 0d 0f e9 14 00 48 89 74 24 50 48 89 7c
0x00007ffefd602c11:   24 58 48 3b d9 0f 83 ec 00 00 00 48 8d 54 24 20
0x00007ffefd602c21:   48 8b cb e8 17 03 00 00 48 8b f8 48 85 ff 0f 84
0x00007ffefd602c31:   da 02 00 00 8b 4c 24 34 48 b8 ab aa aa aa aa aa
0x00007ffefd602c41:   aa aa 4c 8b 44 24 28 33 f6 48 f7 e1 4d 89 07 48
0x00007ffefd602c51:   c1 ea 03 85 d2 74 73 8d 42 ff 49 2b d8 48 8d 04
0x00007ffefd602c61:   40 44 8b 1c 87 4c 8d 14 87 49 3b db 73 48 44 8d
0x00007ffefd602c71:   42 fe 44 8b ce 45 85 c0 78 3c 0f 1f 44 00 00 43
0x00007ffefd602c81:   8d 04 08 d1 f8 48 63 c8 48 8d 14 49 4c 8d 14 97
0x00007ffefd602c91:   8b 14 97 48 3b da 72 12 41 8b 4a 0c 44 8b da 48
0x00007ffefd602ca1:   3b d9 72 12 44 8d 48 01 eb 04 44 8d 40 ff 44 8b
0x00007ffefd602cb1:   da 45 3b c1 7d c9 41 8b c3 48 3b d8 72 0c 41 8b
0x00007ffefd602cc1:   42 04 48 3b d8 73 03 49 8b f2 48 8b 7c 24 58 48
0x00007ffefd602cd1:   85 f6 74 19 4d 85 f6 0f 85 ea 00 00 00 48 85 f6
0x00007ffefd602ce1:   74 0b 8b 46 08 a8 01 0f 85 34 02 00 00 48 8b c6
0x00007ffefd602cf1:   48 8b 74 24 50 48 8b 5c 24 60 4c 8b 74 24 68 48
0x00007ffefd602d01:   83 c4 40 41 5f c3 cc 8b 05 12 e8 14 00 48 03 c1
0x00007ffefd602d11:   48 3b d8 0f 83 02 ff ff ff 0f 28 0d ef e7 14 00
0x00007ffefd602d21:   f2 0f 10 05 f7 e7 14 00 66 48 0f 7e cf 0f 11 4c
0x00007ffefd602d31:   24 20 f2 0f 11 44 24 30 e9 ee fe ff ff 41 80 78
0x00007ffefd602d41:   07 00 4c 8d 1d d6 e6 14 00 0f 85 6b 01 00 00 41
0x00007ffefd602d51:   80 78 06 00 0f 84 a7 fe ff ff 48 3b 1d c6 e6 14
0x00007ffefd602d61:   00 0f 83 df 00 00 00 49 3b 5e 08 0f 82 90 fe ff
0x00007ffefd602d71:   ff 49 3b 5e 10 0f 83 86 fe ff ff 45 0f b6 56 04
0x00007ffefd602d81:   45 8b 0e 41 8b d2 45 3b d1 0f 83 72 fe ff ff 8b 


Stack slot to memory mapping:
stack at sp + 0 slots: 0x0 is NULL
stack at sp + 1 slots: 0x0000009400000000 is an unknown value
stack at sp + 2 slots: 0x00000094a92fcf80 is pointing into the stack for thread: 0x000001f26b142830
stack at sp + 3 slots: 0x00000094a92fcf88 is pointing into the stack for thread: 0x000001f26b142830
stack at sp + 4 slots: 0x00007ffe87cbf000 is an unknown value
stack at sp + 5 slots: 0x00007ffe87b00000 is an unknown value
stack at sp + 6 slots: 0x0000c234001d1000 is an unknown value
stack at sp + 7 slots: 0x0 is NULL


---------------  P R O C E S S  ---------------

Threads class SMR info:
_java_thread_list=0x000001f273525900, length=16, elements={
0x000001f23f235ae0, 0x000001f266e3b910, 0x000001f266e3ce30, 0x000001f266e51810,
0x000001f266e520d0, 0x000001f266e53130, 0x000001f266e596a0, 0x000001f266e5aa30,
0x000001f266e5cf50, 0x000001f26b0217b0, 0x000001f26b144eb0, 0x000001f26b142d00,
0x000001f26b1419c0, 0x000001f26b142360, 0x000001f26b142830, 0x000001f2734de120
}

Java Threads: ( => current thread )
  0x000001f23f235ae0 JavaThread "main" [_thread_blocked, id=11480, stack(0x00000094a7900000,0x00000094a7a00000)]
  0x000001f266e3b910 JavaThread "Reference Handler" daemon [_thread_blocked, id=4432, stack(0x00000094a8000000,0x00000094a8100000)]
  0x000001f266e3ce30 JavaThread "Finalizer" daemon [_thread_blocked, id=6952, stack(0x00000094a8100000,0x00000094a8200000)]
  0x000001f266e51810 JavaThread "Signal Dispatcher" daemon [_thread_blocked, id=3688, stack(0x00000094a8200000,0x00000094a8300000)]
  0x000001f266e520d0 JavaThread "Attach Listener" daemon [_thread_blocked, id=12536, stack(0x00000094a8300000,0x00000094a8400000)]
  0x000001f266e53130 JavaThread "Service Thread" daemon [_thread_blocked, id=16252, stack(0x00000094a8400000,0x00000094a8500000)]
  0x000001f266e596a0 JavaThread "Monitor Deflation Thread" daemon [_thread_blocked, id=16500, stack(0x00000094a8500000,0x00000094a8600000)]
  0x000001f266e5aa30 JavaThread "C2 CompilerThread0" daemon [_thread_blocked, id=6288, stack(0x00000094a8600000,0x00000094a8700000)]
  0x000001f266e5cf50 JavaThread "C1 CompilerThread0" daemon [_thread_blocked, id=15636, stack(0x00000094a8700000,0x00000094a8800000)]
  0x000001f26b0217b0 JavaThread "Sweeper thread" daemon [_thread_blocked, id=11244, stack(0x00000094a8800000,0x00000094a8900000)]
  0x000001f26b144eb0 JavaThread "Notification Thread" daemon [_thread_blocked, id=13500, stack(0x00000094a8900000,0x00000094a8a00000)]
  0x000001f26b142d00 JavaThread "Common-Cleaner" daemon [_thread_blocked, id=4648, stack(0x00000094a8b00000,0x00000094a8c00000)]
  0x000001f26b1419c0 JavaThread "Java2D Disposer" daemon [_thread_blocked, id=15128, stack(0x00000094a8d00000,0x00000094a8e00000)]
  0x000001f26b142360 JavaThread "AWT-Shutdown" [_thread_blocked, id=1480, stack(0x00000094a8e00000,0x00000094a8f00000)]
=>0x000001f26b142830 JavaThread "AWT-EventQueue-0" [_thread_in_native, id=13904, stack(0x00000094a9200000,0x00000094a9300000)]
  0x000001f2734de120 JavaThread "ToolkitShutdown" daemon [_thread_in_native, id=15896, stack(0x00000094a9800000,0x00000094a9900000)]

Other Threads:
  0x000001f266e33240 VMThread "VM Thread" [stack: 0x00000094a7f00000,0x00000094a8000000] [id=7524]
  0x000001f26b1463a0 WatcherThread [stack: 0x00000094a8a00000,0x00000094a8b00000] [id=7176]
  0x000001f23f2c1100 GCTaskThread "GC Thread#0" [stack: 0x00000094a7a00000,0x00000094a7b00000] [id=8448]
  0x000001f23f2cdee0 ConcurrentGCThread "G1 Main Marker" [stack: 0x00000094a7b00000,0x00000094a7c00000] [id=16132]
  0x000001f23f2cefa0 ConcurrentGCThread "G1 Conc#0" [stack: 0x00000094a7c00000,0x00000094a7d00000] [id=15168]
  0x000001f23f2feab0 ConcurrentGCThread "G1 Refine#0" [stack: 0x00000094a7d00000,0x00000094a7e00000] [id=11708]
  0x000001f266cf26e0 ConcurrentGCThread "G1 Service" [stack: 0x00000094a7e00000,0x00000094a7f00000] [id=4220]

Threads with active compile tasks:

VM state: not at safepoint (normal execution)

VM Mutex/Monitor currently owned by a thread: None

Heap address: 0x0000000680c00000, size: 6132 MB, Compressed Oops mode: Zero based, Oop shift amount: 3

CDS archive(s) mapped at: [0x0000000800000000-0x0000000800bc0000-0x0000000800bc0000), size 12320768, SharedBaseAddress: 0x0000000800000000, ArchiveRelocationMode: 0.
Compressed class space mapped at: 0x0000000801000000-0x0000000841000000, reserved size: 1073741824
Narrow klass base: 0x0000000800000000, Narrow klass shift: 0, Narrow klass range: 0x100000000

GC Precious Log:
 CPUs: 8 total, 8 available
 Memory: 24516M
 Large Page Support: Disabled
 NUMA Support: Disabled
 Compressed Oops: Enabled (Zero based)
 Heap Region Size: 4M
 Heap Min Capacity: 8M
 Heap Initial Capacity: 384M
 Heap Max Capacity: 6132M
 Pre-touch: Disabled
 Parallel Workers: 8
 Concurrent Workers: 2
 Concurrent Refinement Workers: 8
 Periodic GC: Disabled

Heap:
 garbage-first heap   total 393216K, used 8192K [0x0000000680c00000, 0x0000000800000000)
  region size 4096K, 3 young (12288K), 0 survivors (0K)
 Metaspace       used 10295K, committed 10496K, reserved 1114112K
  class space    used 1265K, committed 1408K, reserved 1048576K

Heap Regions: E=young(eden), S=young(survivor), O=old, HS=humongous(starts), HC=humongous(continues), CS=collection set, F=free, OA=open archive, CA=closed archive, TAMS=top-at-mark-start (previous, next)
|   0|0x0000000680c00000, 0x0000000680c00000, 0x0000000681000000|  0%| F|  |TAMS 0x0000000680c00000, 0x0000000680c00000| Untracked 
|   1|0x0000000681000000, 0x0000000681000000, 0x0000000681400000|  0%| F|  |TAMS 0x0000000681000000, 0x0000000681000000| Untracked 
|   2|0x0000000681400000, 0x0000000681400000, 0x0000000681800000|  0%| F|  |TAMS 0x0000000681400000, 0x0000000681400000| Untracked 
|   3|0x0000000681800000, 0x0000000681800000, 0x0000000681c00000|  0%| F|  |TAMS 0x0000000681800000, 0x0000000681800000| Untracked 
|   4|0x0000000681c00000, 0x0000000681c00000, 0x0000000682000000|  0%| F|  |TAMS 0x0000000681c00000, 0x0000000681c00000| Untracked 
|   5|0x0000000682000000, 0x0000000682000000, 0x0000000682400000|  0%| F|  |TAMS 0x0000000682000000, 0x0000000682000000| Untracked 
|   6|0x0000000682400000, 0x0000000682400000, 0x0000000682800000|  0%| F|  |TAMS 0x0000000682400000, 0x0000000682400000| Untracked 
|   7|0x0000000682800000, 0x0000000682800000, 0x0000000682c00000|  0%| F|  |TAMS 0x0000000682800000, 0x0000000682800000| Untracked 
|   8|0x0000000682c00000, 0x0000000682c00000, 0x0000000683000000|  0%| F|  |TAMS 0x0000000682c00000, 0x0000000682c00000| Untracked 
|   9|0x0000000683000000, 0x0000000683000000, 0x0000000683400000|  0%| F|  |TAMS 0x0000000683000000, 0x0000000683000000| Untracked 
|  10|0x0000000683400000, 0x0000000683400000, 0x0000000683800000|  0%| F|  |TAMS 0x0000000683400000, 0x0000000683400000| Untracked 
|  11|0x0000000683800000, 0x0000000683800000, 0x0000000683c00000|  0%| F|  |TAMS 0x0000000683800000, 0x0000000683800000| Untracked 
|  12|0x0000000683c00000, 0x0000000683c00000, 0x0000000684000000|  0%| F|  |TAMS 0x0000000683c00000, 0x0000000683c00000| Untracked 
|  13|0x0000000684000000, 0x0000000684000000, 0x0000000684400000|  0%| F|  |TAMS 0x0000000684000000, 0x0000000684000000| Untracked 
|  14|0x0000000684400000, 0x0000000684400000, 0x0000000684800000|  0%| F|  |TAMS 0x0000000684400000, 0x0000000684400000| Untracked 
|  15|0x0000000684800000, 0x0000000684800000, 0x0000000684c00000|  0%| F|  |TAMS 0x0000000684800000, 0x0000000684800000| Untracked 
|  16|0x0000000684c00000, 0x0000000684c00000, 0x0000000685000000|  0%| F|  |TAMS 0x0000000684c00000, 0x0000000684c00000| Untracked 
|  17|0x0000000685000000, 0x0000000685000000, 0x0000000685400000|  0%| F|  |TAMS 0x0000000685000000, 0x0000000685000000| Untracked 
|  18|0x0000000685400000, 0x0000000685400000, 0x0000000685800000|  0%| F|  |TAMS 0x0000000685400000, 0x0000000685400000| Untracked 
|  19|0x0000000685800000, 0x0000000685800000, 0x0000000685c00000|  0%| F|  |TAMS 0x0000000685800000, 0x0000000685800000| Untracked 
|  20|0x0000000685c00000, 0x0000000685c00000, 0x0000000686000000|  0%| F|  |TAMS 0x0000000685c00000, 0x0000000685c00000| Untracked 
|  21|0x0000000686000000, 0x0000000686000000, 0x0000000686400000|  0%| F|  |TAMS 0x0000000686000000, 0x0000000686000000| Untracked 
|  22|0x0000000686400000, 0x0000000686400000, 0x0000000686800000|  0%| F|  |TAMS 0x0000000686400000, 0x0000000686400000| Untracked 
|  23|0x0000000686800000, 0x0000000686800000, 0x0000000686c00000|  0%| F|  |TAMS 0x0000000686800000, 0x0000000686800000| Untracked 
|  24|0x0000000686c00000, 0x0000000686c00000, 0x0000000687000000|  0%| F|  |TAMS 0x0000000686c00000, 0x0000000686c00000| Untracked 
|  25|0x0000000687000000, 0x0000000687000000, 0x0000000687400000|  0%| F|  |TAMS 0x0000000687000000, 0x0000000687000000| Untracked 
|  26|0x0000000687400000, 0x0000000687400000, 0x0000000687800000|  0%| F|  |TAMS 0x0000000687400000, 0x0000000687400000| Untracked 
|  27|0x0000000687800000, 0x0000000687800000, 0x0000000687c00000|  0%| F|  |TAMS 0x0000000687800000, 0x0000000687800000| Untracked 
|  28|0x0000000687c00000, 0x0000000687c00000, 0x0000000688000000|  0%| F|  |TAMS 0x0000000687c00000, 0x0000000687c00000| Untracked 
|  29|0x0000000688000000, 0x0000000688000000, 0x0000000688400000|  0%| F|  |TAMS 0x0000000688000000, 0x0000000688000000| Untracked 
|  30|0x0000000688400000, 0x0000000688400000, 0x0000000688800000|  0%| F|  |TAMS 0x0000000688400000, 0x0000000688400000| Untracked 
|  31|0x0000000688800000, 0x0000000688800000, 0x0000000688c00000|  0%| F|  |TAMS 0x0000000688800000, 0x0000000688800000| Untracked 
|  32|0x0000000688c00000, 0x0000000688c00000, 0x0000000689000000|  0%| F|  |TAMS 0x0000000688c00000, 0x0000000688c00000| Untracked 
|  33|0x0000000689000000, 0x0000000689000000, 0x0000000689400000|  0%| F|  |TAMS 0x0000000689000000, 0x0000000689000000| Untracked 
|  34|0x0000000689400000, 0x0000000689400000, 0x0000000689800000|  0%| F|  |TAMS 0x0000000689400000, 0x0000000689400000| Untracked 
|  35|0x0000000689800000, 0x0000000689800000, 0x0000000689c00000|  0%| F|  |TAMS 0x0000000689800000, 0x0000000689800000| Untracked 
|  36|0x0000000689c00000, 0x0000000689c00000, 0x000000068a000000|  0%| F|  |TAMS 0x0000000689c00000, 0x0000000689c00000| Untracked 
|  37|0x000000068a000000, 0x000000068a000000, 0x000000068a400000|  0%| F|  |TAMS 0x000000068a000000, 0x000000068a000000| Untracked 
|  38|0x000000068a400000, 0x000000068a400000, 0x000000068a800000|  0%| F|  |TAMS 0x000000068a400000, 0x000000068a400000| Untracked 
|  39|0x000000068a800000, 0x000000068a800000, 0x000000068ac00000|  0%| F|  |TAMS 0x000000068a800000, 0x000000068a800000| Untracked 
|  40|0x000000068ac00000, 0x000000068ac00000, 0x000000068b000000|  0%| F|  |TAMS 0x000000068ac00000, 0x000000068ac00000| Untracked 
|  41|0x000000068b000000, 0x000000068b000000, 0x000000068b400000|  0%| F|  |TAMS 0x000000068b000000, 0x000000068b000000| Untracked 
|  42|0x000000068b400000, 0x000000068b400000, 0x000000068b800000|  0%| F|  |TAMS 0x000000068b400000, 0x000000068b400000| Untracked 
|  43|0x000000068b800000, 0x000000068b800000, 0x000000068bc00000|  0%| F|  |TAMS 0x000000068b800000, 0x000000068b800000| Untracked 
|  44|0x000000068bc00000, 0x000000068bc00000, 0x000000068c000000|  0%| F|  |TAMS 0x000000068bc00000, 0x000000068bc00000| Untracked 
|  45|0x000000068c000000, 0x000000068c000000, 0x000000068c400000|  0%| F|  |TAMS 0x000000068c000000, 0x000000068c000000| Untracked 
|  46|0x000000068c400000, 0x000000068c400000, 0x000000068c800000|  0%| F|  |TAMS 0x000000068c400000, 0x000000068c400000| Untracked 
|  47|0x000000068c800000, 0x000000068c800000, 0x000000068cc00000|  0%| F|  |TAMS 0x000000068c800000, 0x000000068c800000| Untracked 
|  48|0x000000068cc00000, 0x000000068cc00000, 0x000000068d000000|  0%| F|  |TAMS 0x000000068cc00000, 0x000000068cc00000| Untracked 
|  49|0x000000068d000000, 0x000000068d000000, 0x000000068d400000|  0%| F|  |TAMS 0x000000068d000000, 0x000000068d000000| Untracked 
|  50|0x000000068d400000, 0x000000068d400000, 0x000000068d800000|  0%| F|  |TAMS 0x000000068d400000, 0x000000068d400000| Untracked 
|  51|0x000000068d800000, 0x000000068d800000, 0x000000068dc00000|  0%| F|  |TAMS 0x000000068d800000, 0x000000068d800000| Untracked 
|  52|0x000000068dc00000, 0x000000068dc00000, 0x000000068e000000|  0%| F|  |TAMS 0x000000068dc00000, 0x000000068dc00000| Untracked 
|  53|0x000000068e000000, 0x000000068e000000, 0x000000068e400000|  0%| F|  |TAMS 0x000000068e000000, 0x000000068e000000| Untracked 
|  54|0x000000068e400000, 0x000000068e400000, 0x000000068e800000|  0%| F|  |TAMS 0x000000068e400000, 0x000000068e400000| Untracked 
|  55|0x000000068e800000, 0x000000068e800000, 0x000000068ec00000|  0%| F|  |TAMS 0x000000068e800000, 0x000000068e800000| Untracked 
|  56|0x000000068ec00000, 0x000000068ec00000, 0x000000068f000000|  0%| F|  |TAMS 0x000000068ec00000, 0x000000068ec00000| Untracked 
|  57|0x000000068f000000, 0x000000068f000000, 0x000000068f400000|  0%| F|  |TAMS 0x000000068f000000, 0x000000068f000000| Untracked 
|  58|0x000000068f400000, 0x000000068f400000, 0x000000068f800000|  0%| F|  |TAMS 0x000000068f400000, 0x000000068f400000| Untracked 
|  59|0x000000068f800000, 0x000000068f800000, 0x000000068fc00000|  0%| F|  |TAMS 0x000000068f800000, 0x000000068f800000| Untracked 
|  60|0x000000068fc00000, 0x000000068fc00000, 0x0000000690000000|  0%| F|  |TAMS 0x000000068fc00000, 0x000000068fc00000| Untracked 
|  61|0x0000000690000000, 0x0000000690000000, 0x0000000690400000|  0%| F|  |TAMS 0x0000000690000000, 0x0000000690000000| Untracked 
|  62|0x0000000690400000, 0x0000000690400000, 0x0000000690800000|  0%| F|  |TAMS 0x0000000690400000, 0x0000000690400000| Untracked 
|  63|0x0000000690800000, 0x0000000690800000, 0x0000000690c00000|  0%| F|  |TAMS 0x0000000690800000, 0x0000000690800000| Untracked 
|  64|0x0000000690c00000, 0x0000000690c00000, 0x0000000691000000|  0%| F|  |TAMS 0x0000000690c00000, 0x0000000690c00000| Untracked 
|  65|0x0000000691000000, 0x0000000691000000, 0x0000000691400000|  0%| F|  |TAMS 0x0000000691000000, 0x0000000691000000| Untracked 
|  66|0x0000000691400000, 0x0000000691400000, 0x0000000691800000|  0%| F|  |TAMS 0x0000000691400000, 0x0000000691400000| Untracked 
|  67|0x0000000691800000, 0x0000000691800000, 0x0000000691c00000|  0%| F|  |TAMS 0x0000000691800000, 0x0000000691800000| Untracked 
|  68|0x0000000691c00000, 0x0000000691c00000, 0x0000000692000000|  0%| F|  |TAMS 0x0000000691c00000, 0x0000000691c00000| Untracked 
|  69|0x0000000692000000, 0x0000000692000000, 0x0000000692400000|  0%| F|  |TAMS 0x0000000692000000, 0x0000000692000000| Untracked 
|  70|0x0000000692400000, 0x0000000692400000, 0x0000000692800000|  0%| F|  |TAMS 0x0000000692400000, 0x0000000692400000| Untracked 
|  71|0x0000000692800000, 0x0000000692800000, 0x0000000692c00000|  0%| F|  |TAMS 0x0000000692800000, 0x0000000692800000| Untracked 
|  72|0x0000000692c00000, 0x0000000692c00000, 0x0000000693000000|  0%| F|  |TAMS 0x0000000692c00000, 0x0000000692c00000| Untracked 
|  73|0x0000000693000000, 0x0000000693000000, 0x0000000693400000|  0%| F|  |TAMS 0x0000000693000000, 0x0000000693000000| Untracked 
|  74|0x0000000693400000, 0x0000000693400000, 0x0000000693800000|  0%| F|  |TAMS 0x0000000693400000, 0x0000000693400000| Untracked 
|  75|0x0000000693800000, 0x0000000693800000, 0x0000000693c00000|  0%| F|  |TAMS 0x0000000693800000, 0x0000000693800000| Untracked 
|  76|0x0000000693c00000, 0x0000000693c00000, 0x0000000694000000|  0%| F|  |TAMS 0x0000000693c00000, 0x0000000693c00000| Untracked 
|  77|0x0000000694000000, 0x0000000694000000, 0x0000000694400000|  0%| F|  |TAMS 0x0000000694000000, 0x0000000694000000| Untracked 
|  78|0x0000000694400000, 0x0000000694400000, 0x0000000694800000|  0%| F|  |TAMS 0x0000000694400000, 0x0000000694400000| Untracked 
|  79|0x0000000694800000, 0x0000000694800000, 0x0000000694c00000|  0%| F|  |TAMS 0x0000000694800000, 0x0000000694800000| Untracked 
|  80|0x0000000694c00000, 0x0000000694c00000, 0x0000000695000000|  0%| F|  |TAMS 0x0000000694c00000, 0x0000000694c00000| Untracked 
|  81|0x0000000695000000, 0x0000000695000000, 0x0000000695400000|  0%| F|  |TAMS 0x0000000695000000, 0x0000000695000000| Untracked 
|  82|0x0000000695400000, 0x0000000695400000, 0x0000000695800000|  0%| F|  |TAMS 0x0000000695400000, 0x0000000695400000| Untracked 
|  83|0x0000000695800000, 0x0000000695800000, 0x0000000695c00000|  0%| F|  |TAMS 0x0000000695800000, 0x0000000695800000| Untracked 
|  84|0x0000000695c00000, 0x0000000695c00000, 0x0000000696000000|  0%| F|  |TAMS 0x0000000695c00000, 0x0000000695c00000| Untracked 
|  85|0x0000000696000000, 0x0000000696000000, 0x0000000696400000|  0%| F|  |TAMS 0x0000000696000000, 0x0000000696000000| Untracked 
|  86|0x0000000696400000, 0x0000000696400000, 0x0000000696800000|  0%| F|  |TAMS 0x0000000696400000, 0x0000000696400000| Untracked 
|  87|0x0000000696800000, 0x0000000696800000, 0x0000000696c00000|  0%| F|  |TAMS 0x0000000696800000, 0x0000000696800000| Untracked 
|  88|0x0000000696c00000, 0x0000000696c00000, 0x0000000697000000|  0%| F|  |TAMS 0x0000000696c00000, 0x0000000696c00000| Untracked 
|  89|0x0000000697000000, 0x0000000697000000, 0x0000000697400000|  0%| F|  |TAMS 0x0000000697000000, 0x0000000697000000| Untracked 
|  90|0x0000000697400000, 0x0000000697400000, 0x0000000697800000|  0%| F|  |TAMS 0x0000000697400000, 0x0000000697400000| Untracked 
|  91|0x0000000697800000, 0x0000000697800000, 0x0000000697c00000|  0%| F|  |TAMS 0x0000000697800000, 0x0000000697800000| Untracked 
|  92|0x0000000697c00000, 0x0000000697c00000, 0x0000000698000000|  0%| F|  |TAMS 0x0000000697c00000, 0x0000000697c00000| Untracked 
|  93|0x0000000698000000, 0x000000069839f4a0, 0x0000000698400000| 90%| E|  |TAMS 0x0000000698000000, 0x0000000698000000| Complete 
|  94|0x0000000698400000, 0x0000000698800000, 0x0000000698800000|100%| E|CS|TAMS 0x0000000698400000, 0x0000000698400000| Complete 
|  95|0x0000000698800000, 0x0000000698c00000, 0x0000000698c00000|100%| E|CS|TAMS 0x0000000698800000, 0x0000000698800000| Complete 

Card table byte_map: [0x000001f256c50000,0x000001f257850000] _byte_map_base: 0x000001f25384a000

Marking Bits (Prev, Next): (CMBitMap*) 0x000001f23f2c1620, (CMBitMap*) 0x000001f23f2c1660
 Prev Bits: [0x000001f258450000, 0x000001f25e420000)
 Next Bits: [0x000001f25e420000, 0x000001f2643f0000)

Polling page: 0x000001f23d230000

Metaspace:

Usage:
  Non-class:      8.82 MB used.
      Class:      1.24 MB used.
       Both:     10.05 MB used.

Virtual space:
  Non-class space:       64.00 MB reserved,       8.88 MB ( 14%) committed,  1 nodes.
      Class space:        1.00 GB reserved,       1.38 MB ( <1%) committed,  1 nodes.
             Both:        1.06 GB reserved,      10.25 MB ( <1%) committed. 

Chunk freelists:
   Non-Class:  6.94 MB
       Class:  14.60 MB
        Both:  21.54 MB

MaxMetaspaceSize: unlimited
CompressedClassSpaceSize: 1.00 GB
Initial GC threshold: 21.00 MB
Current GC threshold: 21.00 MB
CDS: on
MetaspaceReclaimPolicy: balanced
 - commit_granule_bytes: 65536.
 - commit_granule_words: 8192.
 - virtual_space_node_default_size: 8388608.
 - enlarge_chunks_in_place: 1.
 - new_chunks_are_fully_committed: 0.
 - uncommit_free_chunks: 1.
 - use_allocation_guard: 0.
 - handle_deallocations: 1.


Internal statistics:

num_allocs_failed_limit: 0.
num_arena_births: 118.
num_arena_deaths: 0.
num_vsnodes_births: 2.
num_vsnodes_deaths: 0.
num_space_committed: 164.
num_space_uncommitted: 0.
num_chunks_returned_to_freelist: 0.
num_chunks_taken_from_freelist: 199.
num_chunk_merges: 0.
num_chunk_splits: 102.
num_chunks_enlarged: 40.
num_inconsistent_stats: 0.

CodeHeap 'non-profiled nmethods': size=120000Kb used=281Kb max_used=281Kb free=119718Kb
 bounds [0x000001f24e7f0000, 0x000001f24ea60000, 0x000001f255d20000]
CodeHeap 'profiled nmethods': size=120000Kb used=1675Kb max_used=1675Kb free=118324Kb
 bounds [0x000001f246d20000, 0x000001f246f90000, 0x000001f24e250000]
CodeHeap 'non-nmethods': size=5760Kb used=1299Kb max_used=1313Kb free=4460Kb
 bounds [0x000001f24e250000, 0x000001f24e4c0000, 0x000001f24e7f0000]
 total_blobs=1647 nmethods=1014 adapters=546
 compilation: enabled
              stopped_count=0, restarted_count=0
 full_count=0

Compilation events (20 events):
Event: 0.726 Thread 0x000001f266e5cf50 nmethod 1005 0x000001f246ebfd90 code [0x000001f246ebff20, 0x000001f246ec0048]
Event: 0.726 Thread 0x000001f266e5cf50 1006       1       sun.java2d.loops.SurfaceType::getSuperType (5 bytes)
Event: 0.726 Thread 0x000001f266e5cf50 nmethod 1006 0x000001f24e835a10 code [0x000001f24e835ba0, 0x000001f24e835c78]
Event: 0.727 Thread 0x000001f266e5cf50 1008       3       java.awt.Container::countComponents (10 bytes)
Event: 0.727 Thread 0x000001f266e5cf50 nmethod 1008 0x000001f246ec0110 code [0x000001f246ec02c0, 0x000001f246ec04a8]
Event: 0.727 Thread 0x000001f266e5cf50 1009       3       sun.font.CompositeFont::getMapper (24 bytes)
Event: 0.727 Thread 0x000001f266e5cf50 nmethod 1009 0x000001f246ec0590 code [0x000001f246ec0740, 0x000001f246ec09a8]
Event: 0.727 Thread 0x000001f266e5cf50 1011   !   3       sun.font.FileFontStrike::getCachedGlyphPtr (27 bytes)
Event: 0.727 Thread 0x000001f266e5aa30 nmethod 1007 0x000001f24e835d10 code [0x000001f24e835ea0, 0x000001f24e835fb8]
Event: 0.727 Thread 0x000001f266e5cf50 nmethod 1011 0x000001f246ec0a90 code [0x000001f246ec0ca0, 0x000001f246ec1258]
Event: 0.727 Thread 0x000001f266e5cf50 1012       3       sun.font.FileFontStrike::getCachedGlyphPtrInternal (120 bytes)
Event: 0.727 Thread 0x000001f266e5cf50 nmethod 1012 0x000001f246ec1490 code [0x000001f246ec1680, 0x000001f246ec1b58]
Event: 0.727 Thread 0x000001f266e5cf50 1010       1       java.awt.RenderingHints$Key::intKey (5 bytes)
Event: 0.727 Thread 0x000001f266e5cf50 nmethod 1010 0x000001f24e836110 code [0x000001f24e8362a0, 0x000001f24e836378]
Event: 0.727 Thread 0x000001f266e5cf50 1013  s    3       sun.font.FontManagerFactory::getInstance (25 bytes)
Event: 0.728 Thread 0x000001f266e5cf50 nmethod 1013 0x000001f246ec1e10 code [0x000001f246ec2000, 0x000001f246ec2598]
Event: 0.728 Thread 0x000001f266e5cf50 1014       3       sun.font.CompositeGlyphMapper::getCachedGlyphCode (32 bytes)
Event: 0.728 Thread 0x000001f266e5cf50 nmethod 1014 0x000001f246ec2790 code [0x000001f246ec2940, 0x000001f246ec2b98]
Event: 0.728 Thread 0x000001f266e5cf50 1015       1       javax.swing.text.View::getParent (5 bytes)
Event: 0.728 Thread 0x000001f266e5cf50 nmethod 1015 0x000001f24e836410 code [0x000001f24e8365a0, 0x000001f24e836678]

GC Heap History (0 events):
No events

Dll operation events (10 events):
Event: 0.007 Loaded shared library C:\Program Files\Eclipse Adoptium\jdk-17.0.7.7-hotspot\bin\java.dll
Event: 0.019 Loaded shared library C:\Program Files\Eclipse Adoptium\jdk-17.0.7.7-hotspot\bin\jsvml.dll
Event: 0.063 Loaded shared library C:\Program Files\Eclipse Adoptium\jdk-17.0.7.7-hotspot\bin\net.dll
Event: 0.065 Loaded shared library C:\Program Files\Eclipse Adoptium\jdk-17.0.7.7-hotspot\bin\nio.dll
Event: 0.069 Loaded shared library C:\Program Files\Eclipse Adoptium\jdk-17.0.7.7-hotspot\bin\zip.dll
Event: 0.128 Loaded shared library C:\Program Files\Eclipse Adoptium\jdk-17.0.7.7-hotspot\bin\verify.dll
Event: 0.203 Loaded shared library C:\Program Files\Eclipse Adoptium\jdk-17.0.7.7-hotspot\bin\jimage.dll
Event: 0.215 Loaded shared library C:\Program Files\Eclipse Adoptium\jdk-17.0.7.7-hotspot\bin\awt.dll
Event: 0.552 Loaded shared library C:\Program Files\Eclipse Adoptium\jdk-17.0.7.7-hotspot\bin\freetype.dll
Event: 0.553 Loaded shared library C:\Program Files\Eclipse Adoptium\jdk-17.0.7.7-hotspot\bin\fontmanager.dll

Deoptimization events (20 events):
Event: 0.431 Thread 0x000001f23f235ae0 Uncommon trap: trap_request=0xffffff45 fr.pc=0x000001f24e7fcda4 relative=0x0000000000000504
Event: 0.431 Thread 0x000001f23f235ae0 Uncommon trap: reason=unstable_if action=reinterpret pc=0x000001f24e7fcda4 method=java.lang.StringLatin1.indexOf([BI[BII)I @ 80 c2
Event: 0.431 Thread 0x000001f23f235ae0 DEOPT PACKING pc=0x000001f24e7fcda4 sp=0x00000094a79fcc20
Event: 0.431 Thread 0x000001f23f235ae0 DEOPT UNPACKING pc=0x000001f24e2a69a3 sp=0x00000094a79fcb80 mode 2
Event: 0.470 Thread 0x000001f23f235ae0 Uncommon trap: trap_request=0xffffff45 fr.pc=0x000001f24e7fdf04 relative=0x0000000000000264
Event: 0.470 Thread 0x000001f23f235ae0 Uncommon trap: reason=unstable_if action=reinterpret pc=0x000001f24e7fdf04 method=java.lang.String.startsWith(Ljava/lang/String;I)Z @ 1 c2
Event: 0.470 Thread 0x000001f23f235ae0 DEOPT PACKING pc=0x000001f24e7fdf04 sp=0x00000094a79fd660
Event: 0.470 Thread 0x000001f23f235ae0 DEOPT UNPACKING pc=0x000001f24e2a69a3 sp=0x00000094a79fd5c8 mode 2
Event: 0.517 Thread 0x000001f23f235ae0 Uncommon trap: trap_request=0xffffff45 fr.pc=0x000001f24e812c98 relative=0x0000000000000198
Event: 0.517 Thread 0x000001f23f235ae0 Uncommon trap: reason=unstable_if action=reinterpret pc=0x000001f24e812c98 method=java.lang.String.equals(Ljava/lang/Object;)Z @ 33 c2
Event: 0.517 Thread 0x000001f23f235ae0 DEOPT PACKING pc=0x000001f24e812c98 sp=0x00000094a79fdc70
Event: 0.517 Thread 0x000001f23f235ae0 DEOPT UNPACKING pc=0x000001f24e2a69a3 sp=0x00000094a79fdc10 mode 2
Event: 0.687 Thread 0x000001f26b142830 Uncommon trap: trap_request=0xffffff45 fr.pc=0x000001f24e830254 relative=0x00000000000004b4
Event: 0.687 Thread 0x000001f26b142830 Uncommon trap: reason=unstable_if action=reinterpret pc=0x000001f24e830254 method=java.lang.String.substring(II)Ljava/lang/String; @ 31 c2
Event: 0.687 Thread 0x000001f26b142830 DEOPT PACKING pc=0x000001f24e830254 sp=0x00000094a92fccc0
Event: 0.687 Thread 0x000001f26b142830 DEOPT UNPACKING pc=0x000001f24e2a69a3 sp=0x00000094a92fcc90 mode 2
Event: 0.695 Thread 0x000001f23f235ae0 DEOPT PACKING pc=0x000001f246d4a0fe sp=0x00000094a79fd440
Event: 0.695 Thread 0x000001f23f235ae0 DEOPT UNPACKING pc=0x000001f24e2a7143 sp=0x00000094a79fc8b0 mode 0
Event: 0.699 Thread 0x000001f23f235ae0 DEOPT PACKING pc=0x000001f246e0fee5 sp=0x00000094a79fd650
Event: 0.699 Thread 0x000001f23f235ae0 DEOPT UNPACKING pc=0x000001f24e2a7143 sp=0x00000094a79fcaa0 mode 0

Classes unloaded (0 events):
No events

Classes redefined (0 events):
No events

Internal exceptions (19 events):
Event: 0.107 Thread 0x000001f23f235ae0 Exception <a 'java/lang/NoSuchMethodError'{0x00000006989ca1b8}: 'java.lang.Object java.lang.invoke.DirectMethodHandle$Holder.invokeStaticInit(java.lang.Object)'> (0x00000006989ca1b8) 
thrown [s\src\hotspot\share\interpreter\linkResolver.cpp, line 759]
Event: 0.119 Thread 0x000001f23f235ae0 Exception <a 'java/lang/NoSuchMethodError'{0x00000006989e5118}: 'void java.lang.invoke.DirectMethodHandle$Holder.invokeStatic(java.lang.Object, java.lang.Object)'> (0x00000006989e5118) 
thrown [s\src\hotspot\share\interpreter\linkResolver.cpp, line 759]
Event: 0.169 Thread 0x000001f23f235ae0 Exception <a 'java/lang/NoSuchMethodError'{0x0000000698b5ced0}: 'java.lang.Object java.lang.invoke.DirectMethodHandle$Holder.invokeInterface(java.lang.Object, java.lang.Object)'> (0x0000000698b5ced0) 
thrown [s\src\hotspot\share\interpreter\linkResolver.cpp, line 759]
Event: 0.169 Thread 0x000001f23f235ae0 Exception <a 'java/lang/IncompatibleClassChangeError'{0x0000000698b60768}: Found class java.lang.Object, but interface was expected> (0x0000000698b60768) 
thrown [s\src\hotspot\share\interpreter\linkResolver.cpp, line 826]
Event: 0.207 Thread 0x000001f23f235ae0 Exception <a 'java/lang/ClassNotFoundException'{0x0000000698409fb8}: sun/awt/resources/spi/awtProvider> (0x0000000698409fb8) 
thrown [s\src\hotspot\share\classfile\systemDictionary.cpp, line 256]
Event: 0.224 Thread 0x000001f23f235ae0 Exception <a 'java/io/FileNotFoundException'{0x0000000698458928}> (0x0000000698458928) 
thrown [s\src\hotspot\share\prims\jni.cpp, line 516]
Event: 0.228 Thread 0x000001f23f235ae0 Exception <a 'java/io/FileNotFoundException'{0x0000000698485df8}> (0x0000000698485df8) 
thrown [s\src\hotspot\share\prims\jni.cpp, line 516]
Event: 0.441 Thread 0x000001f23f235ae0 Exception <a 'java/lang/NoSuchMethodError'{0x000000069850acf8}: 'void java.lang.invoke.DirectMethodHandle$Holder.invokeSpecial(java.lang.Object, java.lang.Object, java.lang.Object)'> (0x000000069850acf8) 
thrown [s\src\hotspot\share\interpreter\linkResolver.cpp, line 759]
Event: 0.447 Thread 0x000001f23f235ae0 Exception <a 'java/lang/NoSuchMethodError'{0x000000069859b6c8}: 'java.lang.Object java.lang.invoke.DirectMethodHandle$Holder.newInvokeSpecial(java.lang.Object, java.lang.Object, java.lang.Object, java.lang.Object, java.lang.Object)'> (0x000000069859b6c8) 
thrown [s\src\hotspot\share\interpreter\linkResolver.cpp, line 759]
Event: 0.448 Thread 0x000001f23f235ae0 Exception <a 'java/lang/NoSuchMethodError'{0x00000006985a7338}: 'java.lang.Object java.lang.invoke.DirectMethodHandle$Holder.invokeStatic(java.lang.Object, int, java.lang.Object, java.lang.Object, java.lang.Object, java.lang.Object)'> (0x00000006985a7338) 
thrown [s\src\hotspot\share\interpreter\linkResolver.cpp, line 759]
Event: 0.451 Thread 0x000001f23f235ae0 Exception <a 'java/lang/NoSuchMethodError'{0x00000006985ccaf8}: 'java.lang.Object java.lang.invoke.DirectMethodHandle$Holder.invokeStatic(java.lang.Object, int, java.lang.Object)'> (0x00000006985ccaf8) 
thrown [s\src\hotspot\share\interpreter\linkResolver.cpp, line 759]
Event: 0.469 Thread 0x000001f23f235ae0 Exception <a 'java/lang/ClassNotFoundException'{0x0000000698688a00}: com/sun/swing/internal/plaf/metal/resources/spi/metalProvider> (0x0000000698688a00) 
thrown [s\src\hotspot\share\classfile\systemDictionary.cpp, line 256]
Event: 0.469 Thread 0x000001f23f235ae0 Exception <a 'java/lang/ClassNotFoundException'{0x000000069868c928}: com/sun/swing/internal/plaf/basic/resources/spi/basicProvider> (0x000000069868c928) 
thrown [s\src\hotspot\share\classfile\systemDictionary.cpp, line 256]
Event: 0.477 Thread 0x000001f23f235ae0 Exception <a 'java/lang/NoSuchMethodError'{0x00000006986a72a0}: 'void java.lang.invoke.DirectMethodHandle$Holder.invokeStatic(java.lang.Object, java.lang.Object, java.lang.Object)'> (0x00000006986a72a0) 
thrown [s\src\hotspot\share\interpreter\linkResolver.cpp, line 759]
Event: 0.547 Thread 0x000001f23f235ae0 Exception <a 'java/lang/NoSuchMethodError'{0x00000006987bd6b0}: 'void java.lang.invoke.DirectMethodHandle$Holder.invokeStaticInit(java.lang.Object)'> (0x00000006987bd6b0) 
thrown [s\src\hotspot\share\interpreter\linkResolver.cpp, line 759]
Event: 0.638 Thread 0x000001f26b1431d0 Exception <a 'java/lang/NoSuchMethodError'{0x0000000698543450}: 'void java.lang.invoke.DirectMethodHandle$Holder.invokeVirtual(java.lang.Object, java.lang.Object)'> (0x0000000698543450) 
thrown [s\src\hotspot\share\interpreter\linkResolver.cpp, line 759]
Event: 0.700 Thread 0x000001f23f235ae0 Exception <a 'java/lang/NullPointerException'{0x000000069815f0d8}> (0x000000069815f0d8) 
thrown [s\src\hotspot\share\interpreter\linkResolver.cpp, line 1350]
Event: 0.700 Thread 0x000001f23f235ae0 Exception <a 'java/lang/reflect/InvocationTargetException'{0x000000069815f3b0}> (0x000000069815f3b0) 
thrown [s\src\hotspot\share\runtime\reflection.cpp, line 1121]
Event: 0.706 Thread 0x000001f26b144040 Exception <a 'java/io/IOException'{0x0000000698a008b8}> (0x0000000698a008b8) 
thrown [s\src\hotspot\share\prims\jni.cpp, line 516]

VM Operations (6 events):
Event: 0.094 Executing VM operation: HandshakeAllThreads
Event: 0.094 Executing VM operation: HandshakeAllThreads done
Event: 0.492 Executing VM operation: HandshakeAllThreads
Event: 0.492 Executing VM operation: HandshakeAllThreads done
Event: 0.568 Executing VM operation: HandshakeAllThreads
Event: 0.568 Executing VM operation: HandshakeAllThreads done

Events (20 events):
Event: 0.723 loading class java/awt/image/BufferedImage
Event: 0.723 loading class java/awt/image/WritableRenderedImage
Event: 0.723 loading class java/awt/image/RenderedImage
Event: 0.723 loading class java/awt/image/RenderedImage done
Event: 0.723 loading class java/awt/image/WritableRenderedImage done
Event: 0.724 loading class java/awt/image/BufferedImage done
Event: 0.724 loading class java/awt/image/BufferedImage$1
Event: 0.724 loading class java/awt/image/BufferedImage$1 done
Event: 0.724 loading class sun/awt/image/BufImgSurfaceData
Event: 0.724 loading class sun/awt/image/BufImgSurfaceData done
Event: 0.724 loading class sun/awt/image/BufImgSurfaceData$ICMColorData
Event: 0.725 loading class sun/awt/image/BufImgSurfaceData$ICMColorData done
Event: 0.725 loading class sun/java2d/loops/RenderLoops
Event: 0.725 loading class sun/java2d/loops/RenderLoops done
Event: 0.726 loading class sun/java2d/loops/DrawGlyphListColor
Event: 0.726 loading class sun/java2d/loops/DrawGlyphListColor done
Event: 0.726 loading class sun/java2d/loops/DrawGlyphListColor$General
Event: 0.726 loading class sun/java2d/loops/DrawGlyphListColor$General done
Event: 0.726 loading class sun/java2d/loops/Blit$GeneralMaskBlit
Event: 0.726 loading class sun/java2d/loops/Blit$GeneralMaskBlit done


Dynamic libraries:
0x00007ff613c10000 - 0x00007ff613c1e000 	C:\Program Files\Eclipse Adoptium\jdk-17.0.7.7-hotspot\bin\java.exe
0x00007ffefd5d0000 - 0x00007ffefd7c8000 	C:\Windows\SYSTEM32\ntdll.dll
0x00007ffefc8f0000 - 0x00007ffefc9b2000 	C:\Windows\System32\KERNEL32.DLL
0x00007ffefaf20000 - 0x00007ffefb21e000 	C:\Windows\System32\KERNELBASE.dll
0x00007ffefad30000 - 0x00007ffefae30000 	C:\Windows\System32\ucrtbase.dll
0x00007ffef77f0000 - 0x00007ffef7807000 	C:\Program Files\Eclipse Adoptium\jdk-17.0.7.7-hotspot\bin\jli.dll
0x00007ffef5850000 - 0x00007ffef5869000 	C:\Program Files\Eclipse Adoptium\jdk-17.0.7.7-hotspot\bin\VCRUNTIME140.dll
0x00007ffefca30000 - 0x00007ffefcbcd000 	C:\Windows\System32\USER32.dll
0x00007ffefad00000 - 0x00007ffefad22000 	C:\Windows\System32\win32u.dll
0x00007ffee6200000 - 0x00007ffee649a000 	C:\Windows\WinSxS\amd64_microsoft.windows.common-controls_6595b64144ccf1df_6.0.19041.4355_none_60b8b9eb71f62e16\COMCTL32.dll
0x00007ffefc140000 - 0x00007ffefc16b000 	C:\Windows\System32\GDI32.dll
0x00007ffefc1e0000 - 0x00007ffefc27e000 	C:\Windows\System32\msvcrt.dll
0x00007ffefb380000 - 0x00007ffefb497000 	C:\Windows\System32\gdi32full.dll
0x00007ffefb4a0000 - 0x00007ffefb53d000 	C:\Windows\System32\msvcp_win.dll
0x00007ffefc110000 - 0x00007ffefc13f000 	C:\Windows\System32\IMM32.DLL
0x00007ffef7740000 - 0x00007ffef774c000 	C:\Program Files\Eclipse Adoptium\jdk-17.0.7.7-hotspot\bin\vcruntime140_1.dll
0x00007ffed3c50000 - 0x00007ffed3ce1000 	C:\Program Files\Eclipse Adoptium\jdk-17.0.7.7-hotspot\bin\msvcp140.dll
0x00007ffe4e190000 - 0x00007ffe4edd8000 	C:\Program Files\Eclipse Adoptium\jdk-17.0.7.7-hotspot\bin\server\jvm.dll
0x00007ffefcd60000 - 0x00007ffefce12000 	C:\Windows\System32\ADVAPI32.dll
0x00007ffefc280000 - 0x00007ffefc320000 	C:\Windows\System32\sechost.dll
0x00007ffefcc30000 - 0x00007ffefcd53000 	C:\Windows\System32\RPCRT4.dll
0x00007ffefaef0000 - 0x00007ffefaf17000 	C:\Windows\System32\bcrypt.dll
0x00007ffef5840000 - 0x00007ffef5849000 	C:\Windows\SYSTEM32\WSOCK32.dll
0x00007ffeed9c0000 - 0x00007ffeed9e7000 	C:\Windows\SYSTEM32\WINMM.dll
0x00007ffef4620000 - 0x00007ffef462a000 	C:\Windows\SYSTEM32\VERSION.dll
0x00007ffefc9c0000 - 0x00007ffefca2b000 	C:\Windows\System32\WS2_32.dll
0x00007ffef8b10000 - 0x00007ffef8b22000 	C:\Windows\SYSTEM32\kernel.appcore.dll
0x00007ffee3650000 - 0x00007ffee365a000 	C:\Program Files\Eclipse Adoptium\jdk-17.0.7.7-hotspot\bin\jimage.dll
0x00007ffee8ee0000 - 0x00007ffee90c4000 	C:\Windows\SYSTEM32\DBGHELP.DLL
0x00007ffede800000 - 0x00007ffede834000 	C:\Windows\SYSTEM32\dbgcore.DLL
0x00007ffefac70000 - 0x00007ffefacf2000 	C:\Windows\System32\bcryptPrimitives.dll
0x00007ffee3620000 - 0x00007ffee3645000 	C:\Program Files\Eclipse Adoptium\jdk-17.0.7.7-hotspot\bin\java.dll
0x00007ffed3b70000 - 0x00007ffed3c46000 	C:\Program Files\Eclipse Adoptium\jdk-17.0.7.7-hotspot\bin\jsvml.dll
0x00007ffefb850000 - 0x00007ffefbfbf000 	C:\Windows\System32\SHELL32.dll
0x00007ffef8d10000 - 0x00007ffef94b4000 	C:\Windows\SYSTEM32\windows.storage.dll
0x00007ffefc590000 - 0x00007ffefc8e3000 	C:\Windows\System32\combase.dll
0x00007ffefa6a0000 - 0x00007ffefa6ce000 	C:\Windows\SYSTEM32\Wldp.dll
0x00007ffefbfc0000 - 0x00007ffefc08d000 	C:\Windows\System32\OLEAUT32.dll
0x00007ffefd4e0000 - 0x00007ffefd58d000 	C:\Windows\System32\SHCORE.dll
0x00007ffefcbd0000 - 0x00007ffefcc25000 	C:\Windows\System32\shlwapi.dll
0x00007ffefaba0000 - 0x00007ffefabc4000 	C:\Windows\SYSTEM32\profapi.dll
0x00007ffee3600000 - 0x00007ffee3619000 	C:\Program Files\Eclipse Adoptium\jdk-17.0.7.7-hotspot\bin\net.dll
0x00007ffef4d20000 - 0x00007ffef4e2d000 	C:\Windows\SYSTEM32\WINHTTP.dll
0x00007ffefa400000 - 0x00007ffefa46a000 	C:\Windows\system32\mswsock.dll
0x00007ffee1d80000 - 0x00007ffee1d95000 	C:\Program Files\Eclipse Adoptium\jdk-17.0.7.7-hotspot\bin\nio.dll
0x00007ffed66d0000 - 0x00007ffed66e8000 	C:\Program Files\Eclipse Adoptium\jdk-17.0.7.7-hotspot\bin\zip.dll
0x00007ffefa070000 - 0x00007ffefa0ab000 	C:\Windows\SYSTEM32\IPHLPAPI.DLL
0x00007ffefc170000 - 0x00007ffefc178000 	C:\Windows\System32\NSI.dll
0x00007ffef5820000 - 0x00007ffef5837000 	C:\Windows\SYSTEM32\dhcpcsvc6.DLL
0x00007ffef5800000 - 0x00007ffef581d000 	C:\Windows\SYSTEM32\dhcpcsvc.DLL
0x00007ffefa0b0000 - 0x00007ffefa17a000 	C:\Windows\SYSTEM32\DNSAPI.dll
0x00007ffee35f0000 - 0x00007ffee3600000 	C:\Program Files\Eclipse Adoptium\jdk-17.0.7.7-hotspot\bin\verify.dll
0x00007ffe72890000 - 0x00007ffe72a1e000 	C:\Program Files\Eclipse Adoptium\jdk-17.0.7.7-hotspot\bin\awt.dll
0x00007ffef8150000 - 0x00007ffef81e4000 	C:\Windows\SYSTEM32\apphelp.dll
0x00007ffef8810000 - 0x00007ffef883f000 	C:\Windows\system32\DWMAPI.DLL
0x00007ffef8620000 - 0x00007ffef86be000 	C:\Windows\system32\uxtheme.dll
0x00007ffea5ff0000 - 0x00007ffea6118000 	C:\Windows\system32\opengl32.dll
0x00007ffe92b60000 - 0x00007ffe92b8c000 	C:\Windows\SYSTEM32\GLU32.dll
0x00007ffefb5f0000 - 0x00007ffefb705000 	C:\Windows\System32\MSCTF.dll
0x00007ffefd3b0000 - 0x00007ffefd4db000 	C:\Windows\System32\ole32.dll
0x00007ffefa830000 - 0x00007ffefa842000 	C:\Windows\SYSTEM32\msasn1.dll
0x00007ffef45e0000 - 0x00007ffef4611000 	C:\Windows\SYSTEM32\cryptnet.dll
0x00007ffefb220000 - 0x00007ffefb37c000 	C:\Windows\System32\CRYPT32.dll
0x00007ffefa610000 - 0x00007ffefa61c000 	C:\Windows\SYSTEM32\cryptbase.dll
0x00007ffef4490000 - 0x00007ffef45d7000 	C:\Windows\SYSTEM32\drvstore.dll
0x00007ffefaa00000 - 0x00007ffefaa33000 	C:\Windows\SYSTEM32\devobj.dll
0x00007ffefaea0000 - 0x00007ffefaeee000 	C:\Windows\System32\cfgmgr32.dll
0x00007ffefae30000 - 0x00007ffefae99000 	C:\Windows\System32\wintrust.dll
0x00007ffefc4e0000 - 0x00007ffefc4fd000 	C:\Windows\System32\imagehlp.dll
0x00007ffefa5f0000 - 0x00007ffefa608000 	C:\Windows\SYSTEM32\CRYPTSP.dll
0x00007ffef9c50000 - 0x00007ffef9c84000 	C:\Windows\system32\rsaenh.dll
0x00007ffed48d0000 - 0x00007ffed4ba1000 	C:\Windows\system32\nvspcap64.dll
0x00007ffef9f00000 - 0x00007ffef9f33000 	C:\Windows\SYSTEM32\ntmarta.dll
0x00007ffef94d0000 - 0x00007ffef94f3000 	C:\Windows\SYSTEM32\gpapi.dll
0x00007ffee1640000 - 0x00007ffee1795000 	C:\Windows\System32\DriverStore\FileRepository\nv_dispig.inf_amd64_0afec3f2050014a0\nvppex.dll
0x00007ffef3460000 - 0x00007ffef349b000 	C:\Windows\SYSTEM32\dxcore.dll
0x00007ffed3ae0000 - 0x00007ffed3b66000 	C:\Program Files\Eclipse Adoptium\jdk-17.0.7.7-hotspot\bin\freetype.dll
0x00007ffea7390000 - 0x00007ffea7455000 	C:\Program Files\Eclipse Adoptium\jdk-17.0.7.7-hotspot\bin\fontmanager.dll
0x00007ffefd2a0000 - 0x00007ffefd349000 	C:\Windows\System32\clbcatq.dll
0x00007ffef8410000 - 0x00007ffef85c6000 	C:\Windows\SYSTEM32\WindowsCodecs.dll
0x00007ffef1fb0000 - 0x00007ffef20a9000 	C:\Windows\SYSTEM32\textinputframework.dll
0x00007ffef73e0000 - 0x00007ffef773b000 	C:\Windows\System32\CoreUIComponents.dll
0x00007ffef7c10000 - 0x00007ffef7d02000 	C:\Windows\System32\CoreMessaging.dll
0x00007ffef6280000 - 0x00007ffef63d7000 	C:\Windows\SYSTEM32\wintypes.dll

dbghelp: loaded successfully - version: 4.0.5 - missing functions: none
symbol engine: initialized successfully - sym options: 0x614 - pdb path: .;C:\Program Files\Eclipse Adoptium\jdk-17.0.7.7-hotspot\bin;C:\Windows\SYSTEM32;C:\Windows\WinSxS\amd64_microsoft.windows.common-controls_6595b64144ccf1df_6.0.19041.4355_none_60b8b9eb71f62e16;C:\Program Files\Eclipse Adoptium\jdk-17.0.7.7-hotspot\bin\server;C:\Windows\System32\DriverStore\FileRepository\nv_dispig.inf_amd64_0afec3f2050014a0

VM Arguments:
jvm_args: -ea -XX:+ShowCodeDetailsInExceptionMessages -Dfile.encoding=UTF-8 
java_command: org.eclipse.jdt.internal.junit.runner.RemoteTestRunner -version 3 -port 51216 -testLoaderClass org.eclipse.jdt.internal.junit4.runner.JUnit4TestLoader -loaderpluginname org.eclipse.jdt.junit4.runtime -testNameFile C:\Users\PC\AppData\Local\Temp\testNames719363751154940415.txt
java_class_path (initial): d:\HoaDonKhachSan-main\HoaDonKhachSan-main\target\test-classes;d:\HoaDonKhachSan-main\HoaDonKhachSan-main\target\classes;c:\Users\PC\.m2\repository\junit\junit\4.11\junit-4.11.jar;c:\Users\PC\.m2\repository\org\hamcrest\hamcrest-core\1.3\hamcrest-core-1.3.jar;c:\Users\PC\AppData\Roaming\Code\User\globalStorage\redhat.java\1.36.0\config_win\org.eclipse.osgi\113\0\.cp;c:\Users\PC\AppData\Roaming\Code\User\globalStorage\redhat.java\1.36.0\config_win\org.eclipse.osgi\56\0\.cp
Launcher Type: SUN_STANDARD

[Global flags]
     intx CICompilerCount                          = 4                                         {product} {ergonomic}
     uint ConcGCThreads                            = 2                                         {product} {ergonomic}
     uint G1ConcRefinementThreads                  = 8                                         {product} {ergonomic}
   size_t G1HeapRegionSize                         = 4194304                                   {product} {ergonomic}
    uintx GCDrainStackTargetSize                   = 64                                        {product} {ergonomic}
   size_t InitialHeapSize                          = 402653184                                 {product} {ergonomic}
   size_t MarkStackSize                            = 4194304                                   {product} {ergonomic}
   size_t MaxHeapSize                              = 6429868032                                {product} {ergonomic}
   size_t MaxNewSize                               = 3854565376                                {product} {ergonomic}
   size_t MinHeapDeltaBytes                        = 4194304                                   {product} {ergonomic}
   size_t MinHeapSize                              = 8388608                                   {product} {ergonomic}
    uintx NonNMethodCodeHeapSize                   = 5839372                                {pd product} {ergonomic}
    uintx NonProfiledCodeHeapSize                  = 122909434                              {pd product} {ergonomic}
    uintx ProfiledCodeHeapSize                     = 122909434                              {pd product} {ergonomic}
    uintx ReservedCodeCacheSize                    = 251658240                              {pd product} {ergonomic}
     bool SegmentedCodeCache                       = true                                      {product} {ergonomic}
     bool ShowCodeDetailsInExceptionMessages       = true                                   {manageable} {command line}
   size_t SoftMaxHeapSize                          = 6429868032                             {manageable} {ergonomic}
     bool UseCompressedClassPointers               = true                           {product lp64_product} {ergonomic}
     bool UseCompressedOops                        = true                           {product lp64_product} {ergonomic}
     bool UseG1GC                                  = true                                      {product} {ergonomic}
     bool UseLargePagesIndividualAllocation        = false                                  {pd product} {ergonomic}

Logging:
Log output configuration:
 #0: stdout all=warning uptime,level,tags
 #1: stderr all=off uptime,level,tags

Environment Variables:
PATH=C:\Program Files\Eclipse Adoptium\jdk-17.0.7.7-hotspot\bin;C:\Windows\system32;C:\Windows;C:\Windows\System32\Wbem;C:\Windows\System32\WindowsPowerShell\v1.0\;C:\Windows\System32\OpenSSH\;C:\Program Files (x86)\NVIDIA Corporation\PhysX\Common;C:\Program Files\NVIDIA Corporation\NVIDIA NvDLISR;C:\Program Files (x86)\dotnet\;C:\Program Files (x86)\Microsoft SQL Server\160\DTS\Binn\;C:\Program Files (x86)\Microsoft SQL Server\160\Tools\Binn\;C:\Program Files\Microsoft SQL Server\160\Tools\Binn\;C:\Program Files\Microsoft SQL Server\Client SDK\ODBC\170\Tools\Binn\;C:\Program Files\Microsoft SQL Server\160\DTS\Binn\;C:\Program Files\dotnet\;C:\Program Files\Microsoft SQL Server\150\Tools\Binn\;C:\Users\PC\AppData\Local\Microsoft\WindowsApps;C:\Users\PC\AppData\Local\Programs\Microsoft VS Code\bin;C:\Users\PC\.dotnet\tools
USERNAME=PC
OS=Windows_NT
PROCESSOR_IDENTIFIER=Intel64 Family 6 Model 60 Stepping 3, GenuineIntel
TMP=C:\Users\PC\AppData\Local\Temp
TEMP=C:\Users\PC\AppData\Local\Temp



---------------  S Y S T E M  ---------------

OS:
 Windows 10 , 64 bit Build 19041 (10.0.19041.4957)
OS uptime: 0 days 1:38 hours

CPU: total 8 (initial active 8) (4 cores per cpu, 2 threads per core) family 6 model 60 stepping 3 microcode 0x27, cx8, cmov, fxsr, ht, mmx, sse, sse2, sse3, ssse3, sse4.1, sse4.2, popcnt, lzcnt, tsc, tscinvbit, avx, avx2, aes, erms, clmul, bmi1, bmi2, fma, vzeroupper, clflush

Memory: 4k page, system-wide physical 24516M (15838M free)
TotalPageFile size 28100M (AvailPageFile size 15922M)
current process WorkingSet (physical memory assigned to process): 83M, peak: 93M
current process commit charge ("private bytes"): 527M, peak: 543M

vm_info: OpenJDK 64-Bit Server VM (17.0.7+7) for windows-amd64 JRE (17.0.7+7), built on Apr 18 2023 22:10:42 by "temurin" with MS VC++ 16.7 (VS2019)

END.
